This is pdfTeX, Version 3.14159265-2.6-1.40.19 (MiKTeX 2.9.6840 64-bit) (preloaded format=pdflatex 2018.10.12)  3 MAR 2020 16:50
entering extended mode
**./giovanni_gallinaro_multimedia_coding.tex
(giovanni_gallinaro_multimedia_coding.tex
LaTeX2e <2018-04-01> patch level 5

("C:\Users\Giovanni\AppData\Local\Programs\MiKTeX 2.9\tex\latex\extsizes\extart
icle.cls"
Document Class: extarticle 1996/10/08 v1.0 Non Standard LaTeX document class

("C:\Users\Giovanni\AppData\Local\Programs\MiKTeX 2.9\tex\latex\extsizes\size14
.clo"
File: size14.clo 1999/11/11 v1.4a NON-Standard LaTeX file (size option)
)
("C:\Users\Giovanni\AppData\Local\Programs\MiKTeX 2.9\tex\latex\base\exscale.st
y"
Package: exscale 2014/09/29 v2.1h Standard LaTeX package exscale
LaTeX Font Info:    Redeclaring symbol font `largesymbols' on input line 57.
LaTeX Font Info:    Overwriting symbol font `largesymbols' in version `normal'
(Font)                  OMX/cmex/m/n --> OMX/cmex/m/n on input line 57.
LaTeX Font Info:    Overwriting symbol font `largesymbols' in version `bold'
(Font)                  OMX/cmex/m/n --> OMX/cmex/m/n on input line 57.
\big@size=\dimen102
)
\c@part=\count80
\c@section=\count81
\c@subsection=\count82
\c@subsubsection=\count83
\c@paragraph=\count84
\c@subparagraph=\count85
\c@figure=\count86
\c@table=\count87
\abovecaptionskip=\skip41
\belowcaptionskip=\skip42
\bibindent=\dimen103
)
("C:\Users\Giovanni\AppData\Local\Programs\MiKTeX 2.9\tex\latex\base\inputenc.s
ty"
Package: inputenc 2018/04/06 v1.3b Input encoding file
\inpenc@prehook=\toks14
\inpenc@posthook=\toks15
)
("C:\Users\Giovanni\AppData\Local\Programs\MiKTeX 2.9\tex\generic\babel\babel.s
ty"
Package: babel 2018/09/26 3.24 The Babel package

("C:\Users\Giovanni\AppData\Local\Programs\MiKTeX 2.9\tex\generic\babel\switch.
def"
File: switch.def 2018/09/26 3.24 Babel switching mechanism
)
*************************************
* Local config file bblopts.cfg used
*

("C:\Users\Giovanni\AppData\Local\Programs\MiKTeX 2.9\tex\latex\arabi\bblopts.c
fg"
File: bblopts.cfg 2005/09/08 v0.1 add Arabic and Farsi to "declared" options of
 babel
)
("C:\Users\Giovanni\AppData\Local\Programs\MiKTeX 2.9\tex\latex\babel-english\e
nglish.ldf"
Language: english 2017/06/06 v3.3r English support from the babel system

("C:\Users\Giovanni\AppData\Local\Programs\MiKTeX 2.9\tex\generic\babel\babel.d
ef"
File: babel.def 2018/09/26 3.24 Babel common definitions
\babel@savecnt=\count88
\U@D=\dimen104

("C:\Users\Giovanni\AppData\Local\Programs\MiKTeX 2.9\tex\generic\babel\txtbabe
l.def")
\bbl@dirlevel=\count89
)
\l@canadian = a dialect from \language\l@american 
\l@australian = a dialect from \language\l@british 
\l@newzealand = a dialect from \language\l@british 
))
("C:\Users\Giovanni\AppData\Local\Programs\MiKTeX 2.9\tex\latex\amsmath\amsmath
.sty"
Package: amsmath 2017/09/02 v2.17a AMS math features
\@mathmargin=\skip43

For additional information on amsmath, use the `?' option.

("C:\Users\Giovanni\AppData\Local\Programs\MiKTeX 2.9\tex\latex\amsmath\amstext
.sty"
Package: amstext 2000/06/29 v2.01 AMS text

("C:\Users\Giovanni\AppData\Local\Programs\MiKTeX 2.9\tex\latex\amsmath\amsgen.
sty"
File: amsgen.sty 1999/11/30 v2.0 generic functions
\@emptytoks=\toks16
\ex@=\dimen105
))
("C:\Users\Giovanni\AppData\Local\Programs\MiKTeX 2.9\tex\latex\amsmath\amsbsy.
sty"
Package: amsbsy 1999/11/29 v1.2d Bold Symbols
\pmbraise@=\dimen106
)
("C:\Users\Giovanni\AppData\Local\Programs\MiKTeX 2.9\tex\latex\amsmath\amsopn.
sty"
Package: amsopn 2016/03/08 v2.02 operator names
)
\inf@bad=\count90
LaTeX Info: Redefining \frac on input line 213.
\uproot@=\count91
\leftroot@=\count92
LaTeX Info: Redefining \overline on input line 375.
\classnum@=\count93
\DOTSCASE@=\count94
LaTeX Info: Redefining \ldots on input line 472.
LaTeX Info: Redefining \dots on input line 475.
LaTeX Info: Redefining \cdots on input line 596.
\Mathstrutbox@=\box26
\strutbox@=\box27
\big@size=\dimen107
LaTeX Font Info:    Redeclaring font encoding OML on input line 712.
LaTeX Font Info:    Redeclaring font encoding OMS on input line 713.
\macc@depth=\count95
\c@MaxMatrixCols=\count96
\dotsspace@=\muskip10
\c@parentequation=\count97
\dspbrk@lvl=\count98
\tag@help=\toks17
\row@=\count99
\column@=\count100
\maxfields@=\count101
\andhelp@=\toks18
\eqnshift@=\dimen108
\alignsep@=\dimen109
\tagshift@=\dimen110
\tagwidth@=\dimen111
\totwidth@=\dimen112
\lineht@=\dimen113
\@envbody=\toks19
\multlinegap=\skip44
\multlinetaggap=\skip45
\mathdisplay@stack=\toks20
LaTeX Info: Redefining \[ on input line 2817.
LaTeX Info: Redefining \] on input line 2818.
)
("C:\Users\Giovanni\AppData\Local\Programs\MiKTeX 2.9\tex\latex\mathtools\matht
ools.sty"
Package: mathtools 2020/01/17 v1.23 mathematical typesetting tools

("C:\Users\Giovanni\AppData\Local\Programs\MiKTeX 2.9\tex\latex\graphics\keyval
.sty"
Package: keyval 2014/10/28 v1.15 key=value parser (DPC)
\KV@toks@=\toks21
)
("C:\Users\Giovanni\AppData\Local\Programs\MiKTeX 2.9\tex\latex\tools\calc.sty"
Package: calc 2017/05/25 v4.3 Infix arithmetic (KKT,FJ)
\calc@Acount=\count102
\calc@Bcount=\count103
\calc@Adimen=\dimen114
\calc@Bdimen=\dimen115
\calc@Askip=\skip46
\calc@Bskip=\skip47
LaTeX Info: Redefining \setlength on input line 80.
LaTeX Info: Redefining \addtolength on input line 81.
\calc@Ccount=\count104
\calc@Cskip=\skip48
)
("C:\Users\Giovanni\AppData\Local\Programs\MiKTeX 2.9\tex\latex\mathtools\mhset
up.sty"
Package: mhsetup 2017/03/31 v1.3 programming setup (MH)
)
LaTeX Info: Thecontrolsequence`\('isalreadyrobust on input line 129.
LaTeX Info: Thecontrolsequence`\)'isalreadyrobust on input line 129.
LaTeX Info: Thecontrolsequence`\['isalreadyrobust on input line 129.
LaTeX Info: Thecontrolsequence`\]'isalreadyrobust on input line 129.
\g_MT_multlinerow_int=\count105
\l_MT_multwidth_dim=\dimen116
\origjot=\skip49
\l_MT_shortvdotswithinadjustabove_dim=\dimen117
\l_MT_shortvdotswithinadjustbelow_dim=\dimen118
\l_MT_above_intertext_sep=\dimen119
\l_MT_below_intertext_sep=\dimen120
\l_MT_above_shortintertext_sep=\dimen121
\l_MT_below_shortintertext_sep=\dimen122
)
("C:\Users\Giovanni\AppData\Local\Programs\MiKTeX 2.9\tex\latex\multirow\multir
ow.sty"
Package: multirow 2018/08/03 v2.3 Span multiple rows of a table
\multirow@colwidth=\skip50
\multirow@cntb=\count106
\multirow@dima=\skip51
\bigstrutjot=\dimen123
)
("C:\Users\Giovanni\AppData\Local\Programs\MiKTeX 2.9\tex\latex\subfigure\subfi
gure.sty"
Package: subfigure 2002/07/30 v2.1.4 subfigure package
\subfigtopskip=\skip52
\subfigcapskip=\skip53
\subfigcaptopadj=\dimen124
\subfigbottomskip=\skip54
\subfigcapmargin=\dimen125
\subfiglabelskip=\skip55
\c@subfigure=\count107
\c@lofdepth=\count108
\c@subtable=\count109
\c@lotdepth=\count110

****************************************
* Local config file subfigure.cfg used *
****************************************

("C:\Users\Giovanni\AppData\Local\Programs\MiKTeX 2.9\tex\latex\subfigure\subfi
gure.cfg")
\subfig@top=\skip56
\subfig@bottom=\skip57
)
("C:\Users\Giovanni\AppData\Local\Programs\MiKTeX 2.9\tex\latex\amsfonts\amsfon
ts.sty"
Package: amsfonts 2013/01/14 v3.01 Basic AMSFonts support
\symAMSa=\mathgroup4
\symAMSb=\mathgroup5
LaTeX Font Info:    Overwriting math alphabet `\mathfrak' in version `bold'
(Font)                  U/euf/m/n --> U/euf/b/n on input line 106.
)
("C:\Users\Giovanni\AppData\Local\Programs\MiKTeX 2.9\tex\latex\amsfonts\amssym
b.sty"
Package: amssymb 2013/01/14 v3.01 AMS font symbols
)
("C:\Users\Giovanni\AppData\Local\Programs\MiKTeX 2.9\tex\latex\graphics\graphi
cx.sty"
Package: graphicx 2017/06/01 v1.1a Enhanced LaTeX Graphics (DPC,SPQR)

("C:\Users\Giovanni\AppData\Local\Programs\MiKTeX 2.9\tex\latex\graphics\graphi
cs.sty"
Package: graphics 2017/06/25 v1.2c Standard LaTeX Graphics (DPC,SPQR)

("C:\Users\Giovanni\AppData\Local\Programs\MiKTeX 2.9\tex\latex\graphics\trig.s
ty"
Package: trig 2016/01/03 v1.10 sin cos tan (DPC)
)
("C:\Users\Giovanni\AppData\Local\Programs\MiKTeX 2.9\tex\latex\graphics-cfg\gr
aphics.cfg"
File: graphics.cfg 2016/06/04 v1.11 sample graphics configuration
)
Package graphics Info: Driver file: pdftex.def on input line 99.

("C:\Users\Giovanni\AppData\Local\Programs\MiKTeX 2.9\tex\latex\graphics-def\pd
ftex.def"
File: pdftex.def 2018/01/08 v1.0l Graphics/color driver for pdftex
))
\Gin@req@height=\dimen126
\Gin@req@width=\dimen127
)
("C:\Users\Giovanni\AppData\Local\Programs\MiKTeX 2.9\tex\latex\wrapfig\wrapfig
.sty"
\wrapoverhang=\dimen128
\WF@size=\dimen129
\c@WF@wrappedlines=\count111
\WF@box=\box28
\WF@everypar=\toks22
Package: wrapfig 2003/01/31  v 3.6
)
("C:\Users\Giovanni\AppData\Local\Programs\MiKTeX 2.9\tex\latex\tools\tabularx.
sty"
Package: tabularx 2016/02/03 v2.11b `tabularx' package (DPC)

("C:\Users\Giovanni\AppData\Local\Programs\MiKTeX 2.9\tex\latex\tools\array.sty
"
Package: array 2018/04/30 v2.4h Tabular extension package (FMi)
\col@sep=\dimen130
\ar@mcellbox=\box29
\extrarowheight=\dimen131
\NC@list=\toks23
\extratabsurround=\skip58
\backup@length=\skip59
\ar@cellbox=\box30
)
\TX@col@width=\dimen132
\TX@old@table=\dimen133
\TX@old@col=\dimen134
\TX@target=\dimen135
\TX@delta=\dimen136
\TX@cols=\count112
\TX@ftn=\toks24
)
("C:\Users\Giovanni\AppData\Local\Programs\MiKTeX 2.9\tex\generic\oberdiek\alph
alph.sty"
Package: alphalph 2016/05/16 v2.5 Convert numbers to letters (HO)

("C:\Users\Giovanni\AppData\Local\Programs\MiKTeX 2.9\tex\generic\oberdiek\infw
arerr.sty"
Package: infwarerr 2016/05/16 v1.4 Providing info/warning/error messages (HO)
)
("C:\Users\Giovanni\AppData\Local\Programs\MiKTeX 2.9\tex\generic\oberdiek\intc
alc.sty"
Package: intcalc 2016/05/16 v1.2 Expandable calculations with integers (HO)
))
("C:\Users\Giovanni\AppData\Local\Programs\MiKTeX 2.9\tex\latex\float\float.sty
"
Package: float 2001/11/08 v1.3d Float enhancements (AL)
\c@float@type=\count113
\float@exts=\toks25
\float@box=\box31
\@float@everytoks=\toks26
\@floatcapt=\box32
)
("C:\Users\Giovanni\AppData\Local\Programs\MiKTeX 2.9\tex\latex\adjustbox\adjus
tbox.sty"
Package: adjustbox 2018/04/08 v1.1 Adjusting TeX boxes (trim, clip, ...)

("C:\Users\Giovanni\AppData\Local\Programs\MiKTeX 2.9\tex\latex\xkeyval\xkeyval
.sty"
Package: xkeyval 2014/12/03 v2.7a package option processing (HA)

("C:\Users\Giovanni\AppData\Local\Programs\MiKTeX 2.9\tex\generic\xkeyval\xkeyv
al.tex"
("C:\Users\Giovanni\AppData\Local\Programs\MiKTeX 2.9\tex\generic\xkeyval\xkvut
ils.tex"
\XKV@toks=\toks27
\XKV@tempa@toks=\toks28
)
\XKV@depth=\count114
File: xkeyval.tex 2014/12/03 v2.7a key=value parser (HA)
))
("C:\Users\Giovanni\AppData\Local\Programs\MiKTeX 2.9\tex\latex\adjustbox\adjca
lc.sty"
Package: adjcalc 2012/05/16 v1.1 Provides advanced setlength with multiple back
-ends (calc, etex, pgfmath)
)
("C:\Users\Giovanni\AppData\Local\Programs\MiKTeX 2.9\tex\latex\adjustbox\trimc
lip.sty"
Package: trimclip 2018/04/08 v1.1 Trim and clip general TeX material

("C:\Users\Giovanni\AppData\Local\Programs\MiKTeX 2.9\tex\latex\collectbox\coll
ectbox.sty"
Package: collectbox 2012/05/17 v0.4b Collect macro arguments as boxes
\collectedbox=\box33
)
\tc@llx=\dimen137
\tc@lly=\dimen138
\tc@urx=\dimen139
\tc@ury=\dimen140
Package trimclip Info: Using driver 'tc-pdftex.def'.

("C:\Users\Giovanni\AppData\Local\Programs\MiKTeX 2.9\tex\latex\adjustbox\tc-pd
ftex.def"
File: tc-pdftex.def 2018/04/08 v2.1 Clipping driver for pdftex
))
\adjbox@Width=\dimen141
\adjbox@Height=\dimen142
\adjbox@Depth=\dimen143
\adjbox@Totalheight=\dimen144
\adjbox@pwidth=\dimen145
\adjbox@pheight=\dimen146
\adjbox@pdepth=\dimen147
\adjbox@ptotalheight=\dimen148

("C:\Users\Giovanni\AppData\Local\Programs\MiKTeX 2.9\tex\latex\ifoddpage\ifodd
page.sty"
Package: ifoddpage 2016/04/23 v1.1 Conditionals for odd/even page detection
\c@checkoddpage=\count115
)
("C:\Users\Giovanni\AppData\Local\Programs\MiKTeX 2.9\tex\latex\varwidth\varwid
th.sty"
Package: varwidth 2009/03/30 ver 0.92;  Variable-width minipages
\@vwid@box=\box34
\sift@deathcycles=\count116
\@vwid@loff=\dimen149
\@vwid@roff=\dimen150
))
("C:\Users\Giovanni\AppData\Local\Programs\MiKTeX 2.9\tex\latex\geometry\geomet
ry.sty"
Package: geometry 2018/04/16 v5.8 Page Geometry

("C:\Users\Giovanni\AppData\Local\Programs\MiKTeX 2.9\tex\generic\oberdiek\ifpd
f.sty"
Package: ifpdf 2018/09/07 v3.3 Provides the ifpdf switch
)
("C:\Users\Giovanni\AppData\Local\Programs\MiKTeX 2.9\tex\generic\oberdiek\ifvt
ex.sty"
Package: ifvtex 2016/05/16 v1.6 Detect VTeX and its facilities (HO)
Package ifvtex Info: VTeX not detected.
)
("C:\Users\Giovanni\AppData\Local\Programs\MiKTeX 2.9\tex\generic\ifxetex\ifxet
ex.sty"
Package: ifxetex 2010/09/12 v0.6 Provides ifxetex conditional
)
\Gm@cnth=\count117
\Gm@cntv=\count118
\c@Gm@tempcnt=\count119
\Gm@bindingoffset=\dimen151
\Gm@wd@mp=\dimen152
\Gm@odd@mp=\dimen153
\Gm@even@mp=\dimen154
\Gm@layoutwidth=\dimen155
\Gm@layoutheight=\dimen156
\Gm@layouthoffset=\dimen157
\Gm@layoutvoffset=\dimen158
\Gm@dimlist=\toks29

("C:\Users\Giovanni\AppData\Local\Programs\MiKTeX 2.9\tex\latex\geometry\geomet
ry.cfg"))
("C:\Users\Giovanni\Documents\UNIPD\UNI\Multimedia Coding\Final project\build\g
iovanni_gallinaro_multimedia_coding.aux"

LaTeX Warning: Label `fig:first' multiply defined.


LaTeX Warning: Label `sub@fig:first' multiply defined.


LaTeX Warning: Label `fig:third' multiply defined.


LaTeX Warning: Label `sub@fig:third' multiply defined.


LaTeX Warning: Label `fig:fourth' multiply defined.


LaTeX Warning: Label `sub@fig:fourth' multiply defined.


LaTeX Warning: Label `fig:first' multiply defined.


LaTeX Warning: Label `sub@fig:first' multiply defined.


LaTeX Warning: Label `fig:second' multiply defined.


LaTeX Warning: Label `sub@fig:second' multiply defined.


LaTeX Warning: Label `fig:first' multiply defined.


LaTeX Warning: Label `sub@fig:first' multiply defined.


LaTeX Warning: Label `fig:second' multiply defined.


LaTeX Warning: Label `sub@fig:second' multiply defined.


LaTeX Warning: Label `fig:first' multiply defined.


LaTeX Warning: Label `sub@fig:first' multiply defined.


LaTeX Warning: Label `fig:second' multiply defined.


LaTeX Warning: Label `sub@fig:second' multiply defined.


LaTeX Warning: Label `fig:first' multiply defined.


LaTeX Warning: Label `sub@fig:first' multiply defined.


LaTeX Warning: Label `fig:first' multiply defined.


LaTeX Warning: Label `sub@fig:first' multiply defined.


LaTeX Warning: Label `fig:second' multiply defined.


LaTeX Warning: Label `sub@fig:second' multiply defined.


LaTeX Warning: Label `fig:first' multiply defined.


LaTeX Warning: Label `sub@fig:first' multiply defined.


LaTeX Warning: Label `fig:third' multiply defined.


LaTeX Warning: Label `sub@fig:third' multiply defined.


LaTeX Warning: Label `fig:fourth' multiply defined.


LaTeX Warning: Label `sub@fig:fourth' multiply defined.


LaTeX Warning: Label `fig:third' multiply defined.


LaTeX Warning: Label `sub@fig:third' multiply defined.


LaTeX Warning: Label `fig:fourth' multiply defined.


LaTeX Warning: Label `sub@fig:fourth' multiply defined.


LaTeX Warning: Label `fig:first' multiply defined.


LaTeX Warning: Label `sub@fig:first' multiply defined.


LaTeX Warning: Label `fig:first' multiply defined.


LaTeX Warning: Label `sub@fig:first' multiply defined.


LaTeX Warning: Label `fig:second' multiply defined.


LaTeX Warning: Label `sub@fig:second' multiply defined.


LaTeX Warning: Label `fig:first' multiply defined.


LaTeX Warning: Label `sub@fig:first' multiply defined.


LaTeX Warning: Label `fig:third' multiply defined.


LaTeX Warning: Label `sub@fig:third' multiply defined.


LaTeX Warning: Label `fig:fourth' multiply defined.


LaTeX Warning: Label `sub@fig:fourth' multiply defined.


LaTeX Warning: Label `fig:third' multiply defined.


LaTeX Warning: Label `sub@fig:third' multiply defined.


LaTeX Warning: Label `fig:fourth' multiply defined.


LaTeX Warning: Label `sub@fig:fourth' multiply defined.


LaTeX Warning: Label `fig:first' multiply defined.


LaTeX Warning: Label `sub@fig:first' multiply defined.


LaTeX Warning: Label `fig:first' multiply defined.


LaTeX Warning: Label `sub@fig:first' multiply defined.


LaTeX Warning: Label `fig:second' multiply defined.


LaTeX Warning: Label `sub@fig:second' multiply defined.


LaTeX Warning: Label `fig:first' multiply defined.


LaTeX Warning: Label `sub@fig:first' multiply defined.


LaTeX Warning: Label `fig:third' multiply defined.


LaTeX Warning: Label `sub@fig:third' multiply defined.


LaTeX Warning: Label `fig:fourth' multiply defined.


LaTeX Warning: Label `sub@fig:fourth' multiply defined.


LaTeX Warning: Label `fig:third' multiply defined.


LaTeX Warning: Label `sub@fig:third' multiply defined.


LaTeX Warning: Label `fig:fourth' multiply defined.


LaTeX Warning: Label `sub@fig:fourth' multiply defined.


LaTeX Warning: Label `fig:first' multiply defined.


LaTeX Warning: Label `sub@fig:first' multiply defined.


LaTeX Warning: Label `fig:first' multiply defined.


LaTeX Warning: Label `sub@fig:first' multiply defined.


LaTeX Warning: Label `fig:second' multiply defined.


LaTeX Warning: Label `sub@fig:second' multiply defined.


LaTeX Warning: Label `fig:first' multiply defined.


LaTeX Warning: Label `sub@fig:first' multiply defined.


LaTeX Warning: Label `fig:third' multiply defined.


LaTeX Warning: Label `sub@fig:third' multiply defined.


LaTeX Warning: Label `fig:fourth' multiply defined.


LaTeX Warning: Label `sub@fig:fourth' multiply defined.


LaTeX Warning: Label `fig:third' multiply defined.


LaTeX Warning: Label `sub@fig:third' multiply defined.


LaTeX Warning: Label `fig:fourth' multiply defined.


LaTeX Warning: Label `sub@fig:fourth' multiply defined.


LaTeX Warning: Label `fig:first' multiply defined.


LaTeX Warning: Label `sub@fig:first' multiply defined.


LaTeX Warning: Label `fig:first' multiply defined.


LaTeX Warning: Label `sub@fig:first' multiply defined.


LaTeX Warning: Label `fig:second' multiply defined.


LaTeX Warning: Label `sub@fig:second' multiply defined.


LaTeX Warning: Label `fig:first' multiply defined.


LaTeX Warning: Label `sub@fig:first' multiply defined.


LaTeX Warning: Label `fig:third' multiply defined.


LaTeX Warning: Label `sub@fig:third' multiply defined.


LaTeX Warning: Label `fig:fourth' multiply defined.


LaTeX Warning: Label `sub@fig:fourth' multiply defined.


LaTeX Warning: Label `fig:third' multiply defined.


LaTeX Warning: Label `sub@fig:third' multiply defined.


LaTeX Warning: Label `fig:fourth' multiply defined.


LaTeX Warning: Label `sub@fig:fourth' multiply defined.

)
\openout1 = `giovanni_gallinaro_multimedia_coding.aux'.

LaTeX Font Info:    Checking defaults for OML/cmm/m/it on input line 25.
LaTeX Font Info:    ... okay on input line 25.
LaTeX Font Info:    Checking defaults for T1/cmr/m/n on input line 25.
LaTeX Font Info:    ... okay on input line 25.
LaTeX Font Info:    Checking defaults for OT1/cmr/m/n on input line 25.
LaTeX Font Info:    ... okay on input line 25.
LaTeX Font Info:    Checking defaults for OMS/cmsy/m/n on input line 25.
LaTeX Font Info:    ... okay on input line 25.
LaTeX Font Info:    Checking defaults for OMX/cmex/m/n on input line 25.
LaTeX Font Info:    ... okay on input line 25.
LaTeX Font Info:    Checking defaults for U/cmr/m/n on input line 25.
LaTeX Font Info:    ... okay on input line 25.

("C:\Users\Giovanni\AppData\Local\Programs\MiKTeX 2.9\tex\context\base\supp-pdf
.mkii"
[Loading MPS to PDF converter (version 2006.09.02).]
\scratchcounter=\count120
\scratchdimen=\dimen159
\scratchbox=\box35
\nofMPsegments=\count121
\nofMParguments=\count122
\everyMPshowfont=\toks30
\MPscratchCnt=\count123
\MPscratchDim=\dimen160
\MPnumerator=\count124
\makeMPintoPDFobject=\count125
\everyMPtoPDFconversion=\toks31
)
("C:\Users\Giovanni\AppData\Local\Programs\MiKTeX 2.9\tex\latex\oberdiek\epstop
df-base.sty"
Package: epstopdf-base 2016/05/15 v2.6 Base part for package epstopdf

("C:\Users\Giovanni\AppData\Local\Programs\MiKTeX 2.9\tex\latex\oberdiek\grfext
.sty"
Package: grfext 2016/05/16 v1.2 Manage graphics extensions (HO)

("C:\Users\Giovanni\AppData\Local\Programs\MiKTeX 2.9\tex\generic\oberdiek\kvde
finekeys.sty"
Package: kvdefinekeys 2016/05/16 v1.4 Define keys (HO)

("C:\Users\Giovanni\AppData\Local\Programs\MiKTeX 2.9\tex\generic\oberdiek\ltxc
mds.sty"
Package: ltxcmds 2016/05/16 v1.23 LaTeX kernel commands for general use (HO)
)))
("C:\Users\Giovanni\AppData\Local\Programs\MiKTeX 2.9\tex\latex\oberdiek\kvopti
ons.sty"
Package: kvoptions 2016/05/16 v3.12 Key value format for package options (HO)

("C:\Users\Giovanni\AppData\Local\Programs\MiKTeX 2.9\tex\generic\oberdiek\kvse
tkeys.sty"
Package: kvsetkeys 2016/05/16 v1.17 Key value parser (HO)

("C:\Users\Giovanni\AppData\Local\Programs\MiKTeX 2.9\tex\generic\oberdiek\etex
cmds.sty"
Package: etexcmds 2016/05/16 v1.6 Avoid name clashes with e-TeX commands (HO)

("C:\Users\Giovanni\AppData\Local\Programs\MiKTeX 2.9\tex\generic\oberdiek\iflu
atex.sty"
Package: ifluatex 2016/05/16 v1.4 Provides the ifluatex switch (HO)
Package ifluatex Info: LuaTeX not detected.
)
Package etexcmds Info: Could not find \expanded.
(etexcmds)             That can mean that you are not using pdfTeX 1.50 or
(etexcmds)             that some package has redefined \expanded.
(etexcmds)             In the latter case, load this package earlier.
)))
("C:\Users\Giovanni\AppData\Local\Programs\MiKTeX 2.9\tex\generic\oberdiek\pdft
excmds.sty"
Package: pdftexcmds 2018/09/10 v0.29 Utility functions of pdfTeX for LuaTeX (HO
)
Package pdftexcmds Info: LuaTeX not detected.
Package pdftexcmds Info: \pdf@primitive is available.
Package pdftexcmds Info: \pdf@ifprimitive is available.
Package pdftexcmds Info: \pdfdraftmode found.
)
Package epstopdf-base Info: Redefining graphics rule for `.eps' on input line 4
38.
Package grfext Info: Graphics extension search list:
(grfext)             [.pdf,.png,.jpg,.mps,.jpeg,.jbig2,.jb2,.PDF,.PNG,.JPG,.JPE
G,.JBIG2,.JB2,.eps]
(grfext)             \AppendGraphicsExtensions on input line 456.
)
*geometry* driver: auto-detecting
*geometry* detected driver: pdftex
*geometry* verbose mode - [ preamble ] result:
* driver: pdftex
* paper: a4paper
* layout: <same size as paper>
* layoutoffset:(h,v)=(0.0pt,0.0pt)
* modes: 
* h-part:(L,W,R)=(56.9055pt, 483.69687pt, 56.9055pt)
* v-part:(T,H,B)=(113.81102pt, 617.4248pt, 113.81102pt)
* \paperwidth=597.50787pt
* \paperheight=845.04684pt
* \textwidth=483.69687pt
* \textheight=617.4248pt
* \oddsidemargin=-15.36449pt
* \evensidemargin=-15.36449pt
* \topmargin=2.54103pt
* \headheight=14.0pt
* \headsep=25.0pt
* \topskip=14.0pt
* \footskip=30.0pt
* \marginparwidth=15.0pt
* \marginparsep=10.0pt
* \columnsep=10.0pt
* \skip\footins=12.0pt plus 4.0pt minus 2.0pt
* \hoffset=0.0pt
* \voffset=0.0pt
* \mag=1000
* \@twocolumnfalse
* \@twosidefalse
* \@mparswitchfalse
* \@reversemarginfalse
* (1in=72.27pt=25.4mm, 1cm=28.453pt)

LaTeX Font Info:    Try loading font information for U+msa on input line 26.

("C:\Users\Giovanni\AppData\Local\Programs\MiKTeX 2.9\tex\latex\amsfonts\umsa.f
d"
File: umsa.fd 2013/01/14 v3.01 AMS symbols A
)
LaTeX Font Info:    Try loading font information for U+msb on input line 26.

("C:\Users\Giovanni\AppData\Local\Programs\MiKTeX 2.9\tex\latex\amsfonts\umsb.f
d"
File: umsb.fd 2013/01/14 v3.01 AMS symbols B
) [1

{C:/Users/Giovanni/AppData/Local/MiKTeX/2.9/pdftex/config/pdftex.map}]
[2]
<pics/chroma.png, id=15, 586.19pt x 347.2975pt>
File: pics/chroma.png Graphic file (type png)
<use pics/chroma.png>
Package pdftex.def Info: pics/chroma.png  used on input line 105.
(pdftex.def)             Requested size: 483.69687pt x 286.57166pt.
 [3 <./pics/chroma.png>]
<pics/dct.png, id=21, 329.73187pt x 329.73187pt>
File: pics/dct.png Graphic file (type png)
<use pics/dct.png>
Package pdftex.def Info: pics/dct.png  used on input line 125.
(pdftex.def)             Requested size: 183.80139pt x 183.80331pt.
 [4 <./pics/dct.png>]
Overfull \hbox (21.14975pt too wide) in paragraph at lines 179--181
[][] 
 []


Underfull \hbox (badness 10000) in paragraph at lines 193--194

 []

[5]
<pics/zigzag.png, id=30, 283.0575pt x 283.0575pt>
File: pics/zigzag.png Graphic file (type png)
<use pics/zigzag.png>
Package pdftex.def Info: pics/zigzag.png  used on input line 200.
(pdftex.def)             Requested size: 183.80139pt x 183.80377pt.
LaTeX Font Info:    Try loading font information for OMS+cmr on input line 205.


("C:\Users\Giovanni\AppData\Local\Programs\MiKTeX 2.9\tex\latex\base\omscmr.fd"
File: omscmr.fd 2014/09/29 v2.5h Standard LaTeX font definitions
)
LaTeX Font Info:    Font shape `OMS/cmr/m/n' in size <14.4> not available
(Font)              Font shape `OMS/cmsy/m/n' tried instead on input line 205.

Underfull \hbox (badness 10000) in paragraph at lines 207--209

 []

[6 <./pics/zigzag.png>]
Overfull \hbox (16.44258pt too wide) in paragraph at lines 229--230
\OT1/cmr/m/n/14.4 cessed back-wards, again us-ing \OT1/cmtt/m/n/14.4 blocproc \
OT1/cmr/m/n/14.4 for 8x8 block pro-cess-ing and \OT1/cmtt/m/n/14.4 huffmandeco
 []

[7]
<dataset/kodim05.png, id=39, 770.88pt x 513.92pt>
File: dataset/kodim05.png Graphic file (type png)
<use dataset/kodim05.png>
Package pdftex.def Info: dataset/kodim05.png  used on input line 255.
(pdftex.def)             Requested size: 386.95897pt x 257.97095pt.
<out/05q5.jpeg, id=40, 770.88pt x 513.92pt>
File: out/05q5.jpeg Graphic file (type jpg)
<use out/05q5.jpeg>
Package pdftex.def Info: out/05q5.jpeg  used on input line 266.
(pdftex.def)             Requested size: 106.4139pt x 70.9367pt.
<out/05q15.jpeg, id=41, 770.88pt x 513.92pt>
File: out/05q15.jpeg Graphic file (type jpg)
<use out/05q15.jpeg>
Package pdftex.def Info: out/05q15.jpeg  used on input line 270.
(pdftex.def)             Requested size: 106.4139pt x 70.9367pt.
<out/05q30.jpeg, id=42, 770.88pt x 513.92pt>
File: out/05q30.jpeg Graphic file (type jpg)
<use out/05q30.jpeg>
Package pdftex.def Info: out/05q30.jpeg  used on input line 274.
(pdftex.def)             Requested size: 106.4139pt x 70.9367pt.
<out/05q50.jpeg, id=43, 770.88pt x 513.92pt>
File: out/05q50.jpeg Graphic file (type jpg)
<use out/05q50.jpeg>
Package pdftex.def Info: out/05q50.jpeg  used on input line 278.
(pdftex.def)             Requested size: 106.4139pt x 70.9367pt.
<out/05q65.jpeg, id=44, 770.88pt x 513.92pt>
File: out/05q65.jpeg Graphic file (type jpg)
<use out/05q65.jpeg>
Package pdftex.def Info: out/05q65.jpeg  used on input line 282.
(pdftex.def)             Requested size: 145.11053pt x 96.73616pt.
<out/05q80.jpeg, id=45, 770.88pt x 513.92pt>
File: out/05q80.jpeg Graphic file (type jpg)
<use out/05q80.jpeg>
Package pdftex.def Info: out/05q80.jpeg  used on input line 286.
(pdftex.def)             Requested size: 145.11053pt x 96.73616pt.
<out/05q100.jpeg, id=46, 770.88pt x 513.92pt>
File: out/05q100.jpeg Graphic file (type jpg)
<use out/05q100.jpeg>
Package pdftex.def Info: out/05q100.jpeg  used on input line 290.
(pdftex.def)             Requested size: 145.11053pt x 96.73616pt.

Overfull \hbox (3.59828pt too wide) in paragraph at lines 305--305
[]|\OT1/cmr/m/n/14.4 Motocross  
 []


Overfull \vbox (34.0pt too high) detected at line 305
 []


LaTeX Warning: `!h' float specifier changed to `!ht'.

[8 <./dataset/kodim05.png>]
<ratio.png, id=50, 421.575pt x 316.0608pt>
File: ratio.png Graphic file (type png)
<use ratio.png>
Package pdftex.def Info: ratio.png  used on input line 331.
(pdftex.def)             Requested size: 241.84843pt x 181.31879pt.
<psnr.png, id=51, 421.575pt x 316.0608pt>
File: psnr.png Graphic file (type png)
<use psnr.png>
Package pdftex.def Info: psnr.png  used on input line 335.
(pdftex.def)             Requested size: 241.84843pt x 181.31879pt.

Overfull \hbox (18.79974pt too wide) in paragraph at lines 331--336
 [][] 
 []

File: out/05q50.jpeg Graphic file (type jpg)
<use out/05q50.jpeg>
Package pdftex.def Info: out/05q50.jpeg  used on input line 349.
(pdftex.def)             Requested size: 241.84843pt x 161.22694pt.
<out/chroma.jpeg, id=52, 770.88pt x 513.92pt>
File: out/chroma.jpeg Graphic file (type jpg)
<use out/chroma.jpeg>
Package pdftex.def Info: out/chroma.jpeg  used on input line 353.
(pdftex.def)             Requested size: 241.84843pt x 161.22694pt.

Overfull \hbox (18.79974pt too wide) in paragraph at lines 349--354
 [][] 
 []

[9 <./out/05q5.jpeg> <./out/05q15.jpeg> <./out/05q30.jpeg> <./out/05q50.jpeg> <
./out/05q65.jpeg> <./out/05q80.jpeg> <./out/05q100.jpeg>] [10 <./ratio.png (PNG
 copy)> <./psnr.png (PNG copy)> <./out/chroma.jpeg>]
<out5comp.png, id=59, 770.88pt x 513.92pt>
File: out5comp.png Graphic file (type png)
<use out5comp.png>
Package pdftex.def Info: out5comp.png  used on input line 384.
(pdftex.def)             Requested size: 241.84843pt x 161.22694pt.
<jpeg5comp.png, id=60, 770.88pt x 513.92pt>
File: jpeg5comp.png Graphic file (type png)
<use jpeg5comp.png>
Package pdftex.def Info: jpeg5comp.png  used on input line 388.
(pdftex.def)             Requested size: 241.84843pt x 161.22694pt.

Overfull \hbox (18.79974pt too wide) in paragraph at lines 384--389
 [][] 
 []

[11 <./out5comp.png> <./jpeg5comp.png>]
<jpegcomp.png, id=66, 421.575pt x 316.0608pt>
File: jpegcomp.png Graphic file (type png)
<use jpegcomp.png>
Package pdftex.def Info: jpegcomp.png  used on input line 428.
(pdftex.def)             Requested size: 338.58632pt x 253.84727pt.
File: out/05q15.jpeg Graphic file (type jpg)
<use out/05q15.jpeg>
Package pdftex.def Info: out/05q15.jpeg  used on input line 443.
(pdftex.def)             Requested size: 193.47578pt x 128.98155pt.
<jpeg/05q15.jpeg, id=67, 770.88pt x 513.92pt>
File: jpeg/05q15.jpeg Graphic file (type jpg)
<use jpeg/05q15.jpeg>
Package pdftex.def Info: jpeg/05q15.jpeg  used on input line 447.
(pdftex.def)             Requested size: 193.47578pt x 128.98155pt.
File: out/05q30.jpeg Graphic file (type jpg)
<use out/05q30.jpeg>
Package pdftex.def Info: out/05q30.jpeg  used on input line 451.
(pdftex.def)             Requested size: 193.47578pt x 128.98155pt.
<jpeg/05q30.jpeg, id=68, 770.88pt x 513.92pt>
File: jpeg/05q30.jpeg Graphic file (type jpg)
<use jpeg/05q30.jpeg>
Package pdftex.def Info: jpeg/05q30.jpeg  used on input line 455.
(pdftex.def)             Requested size: 193.47578pt x 128.98155pt.
File: out/05q50.jpeg Graphic file (type jpg)
<use out/05q50.jpeg>
Package pdftex.def Info: out/05q50.jpeg  used on input line 459.
(pdftex.def)             Requested size: 193.47578pt x 128.98155pt.
<jpeg/05q50.jpeg, id=69, 770.88pt x 513.92pt>
File: jpeg/05q50.jpeg Graphic file (type jpg)
<use jpeg/05q50.jpeg>
Package pdftex.def Info: jpeg/05q50.jpeg  used on input line 463.
(pdftex.def)             Requested size: 193.47578pt x 128.98155pt.
File: out/05q80.jpeg Graphic file (type jpg)
<use out/05q80.jpeg>
Package pdftex.def Info: out/05q80.jpeg  used on input line 467.
(pdftex.def)             Requested size: 193.47578pt x 128.98155pt.
<jpeg/05q80.jpeg, id=70, 770.88pt x 513.92pt>
File: jpeg/05q80.jpeg Graphic file (type jpg)
<use jpeg/05q80.jpeg>
Package pdftex.def Info: jpeg/05q80.jpeg  used on input line 471.
(pdftex.def)             Requested size: 193.47578pt x 128.98155pt.
 [12 <./jpegcomp.png (PNG copy)>]
Overfull \vbox (59.30138pt too high) has occurred while \output is active []


[13 <./jpeg/05q15.jpeg> <./jpeg/05q30.jpeg> <./jpeg/05q50.jpeg> <./jpeg/05q80.j
peg>]
<dataset/kodim08.png, id=78, 770.88pt x 513.92pt>
File: dataset/kodim08.png Graphic file (type png)
<use dataset/kodim08.png>
Package pdftex.def Info: dataset/kodim08.png  used on input line 484.
(pdftex.def)             Requested size: 193.47578pt x 128.98155pt.
<out/08q5.jpeg, id=79, 770.88pt x 513.92pt>
File: out/08q5.jpeg Graphic file (type jpg)
<use out/08q5.jpeg>
Package pdftex.def Info: out/08q5.jpeg  used on input line 488.
(pdftex.def)             Requested size: 193.47578pt x 128.98155pt.
<out/08q15.jpeg, id=80, 770.88pt x 513.92pt>
File: out/08q15.jpeg Graphic file (type jpg)
<use out/08q15.jpeg>
Package pdftex.def Info: out/08q15.jpeg  used on input line 492.
(pdftex.def)             Requested size: 193.47578pt x 128.98155pt.
<out/08q30.jpeg, id=81, 770.88pt x 513.92pt>
File: out/08q30.jpeg Graphic file (type jpg)
<use out/08q30.jpeg>
Package pdftex.def Info: out/08q30.jpeg  used on input line 496.
(pdftex.def)             Requested size: 193.47578pt x 128.98155pt.
<out/08q50.jpeg, id=82, 770.88pt x 513.92pt>
File: out/08q50.jpeg Graphic file (type jpg)
<use out/08q50.jpeg>
Package pdftex.def Info: out/08q50.jpeg  used on input line 500.
(pdftex.def)             Requested size: 193.47578pt x 128.98155pt.
<out/08q65.jpeg, id=83, 770.88pt x 513.92pt>
File: out/08q65.jpeg Graphic file (type jpg)
<use out/08q65.jpeg>
Package pdftex.def Info: out/08q65.jpeg  used on input line 504.
(pdftex.def)             Requested size: 193.47578pt x 128.98155pt.
<out/08q80.jpeg, id=84, 770.88pt x 513.92pt>
File: out/08q80.jpeg Graphic file (type jpg)
<use out/08q80.jpeg>
Package pdftex.def Info: out/08q80.jpeg  used on input line 508.
(pdftex.def)             Requested size: 193.47578pt x 128.98155pt.
<out/08q100.jpeg, id=85, 770.88pt x 513.92pt>
File: out/08q100.jpeg Graphic file (type jpg)
<use out/08q100.jpeg>
Package pdftex.def Info: out/08q100.jpeg  used on input line 512.
(pdftex.def)             Requested size: 193.47578pt x 128.98155pt.

Overfull \vbox (59.30138pt too high) has occurred while \output is active []


[14 <./dataset/kodim08.png> <./out/08q5.jpeg> <./out/08q15.jpeg> <./out/08q30.j
peg> <./out/08q50.jpeg> <./out/08q65.jpeg> <./out/08q80.jpeg> <./out/08q100.jpe
g>]
<dataset/kodim12.png, id=89, 770.88pt x 513.92pt>
File: dataset/kodim12.png Graphic file (type png)
<use dataset/kodim12.png>
Package pdftex.def Info: dataset/kodim12.png  used on input line 524.
(pdftex.def)             Requested size: 193.47578pt x 128.98155pt.
<out/12q5.jpeg, id=90, 770.88pt x 513.92pt>
File: out/12q5.jpeg Graphic file (type jpg)
<use out/12q5.jpeg>
Package pdftex.def Info: out/12q5.jpeg  used on input line 528.
(pdftex.def)             Requested size: 193.47578pt x 128.98155pt.
<out/12q15.jpeg, id=91, 770.88pt x 513.92pt>
File: out/12q15.jpeg Graphic file (type jpg)
<use out/12q15.jpeg>
Package pdftex.def Info: out/12q15.jpeg  used on input line 532.
(pdftex.def)             Requested size: 193.47578pt x 128.98155pt.
<out/12q30.jpeg, id=92, 770.88pt x 513.92pt>
File: out/12q30.jpeg Graphic file (type jpg)
<use out/12q30.jpeg>
Package pdftex.def Info: out/12q30.jpeg  used on input line 536.
(pdftex.def)             Requested size: 193.47578pt x 128.98155pt.
<out/12q50.jpeg, id=93, 770.88pt x 513.92pt>
File: out/12q50.jpeg Graphic file (type jpg)
<use out/12q50.jpeg>
Package pdftex.def Info: out/12q50.jpeg  used on input line 540.
(pdftex.def)             Requested size: 193.47578pt x 128.98155pt.
<out/12q65.jpeg, id=94, 770.88pt x 513.92pt>
File: out/12q65.jpeg Graphic file (type jpg)
<use out/12q65.jpeg>
Package pdftex.def Info: out/12q65.jpeg  used on input line 544.
(pdftex.def)             Requested size: 193.47578pt x 128.98155pt.
<out/12q80.jpeg, id=95, 770.88pt x 513.92pt>
File: out/12q80.jpeg Graphic file (type jpg)
<use out/12q80.jpeg>
Package pdftex.def Info: out/12q80.jpeg  used on input line 548.
(pdftex.def)             Requested size: 193.47578pt x 128.98155pt.
<out/12q100.jpeg, id=96, 770.88pt x 513.92pt>
File: out/12q100.jpeg Graphic file (type jpg)
<use out/12q100.jpeg>
Package pdftex.def Info: out/12q100.jpeg  used on input line 552.
(pdftex.def)             Requested size: 193.47578pt x 128.98155pt.

Overfull \vbox (59.30138pt too high) has occurred while \output is active []


[15 <./dataset/kodim12.png> <./out/12q5.jpeg> <./out/12q15.jpeg> <./out/12q30.j
peg> <./out/12q50.jpeg> <./out/12q65.jpeg> <./out/12q80.jpeg> <./out/12q100.jpe
g>]
<dataset/kodim15.png, id=100, 770.88pt x 513.92pt>
File: dataset/kodim15.png Graphic file (type png)
<use dataset/kodim15.png>
Package pdftex.def Info: dataset/kodim15.png  used on input line 564.
(pdftex.def)             Requested size: 193.47578pt x 128.98155pt.
<out/15q5.jpeg, id=101, 770.88pt x 513.92pt>
File: out/15q5.jpeg Graphic file (type jpg)
<use out/15q5.jpeg>
Package pdftex.def Info: out/15q5.jpeg  used on input line 568.
(pdftex.def)             Requested size: 193.47578pt x 128.98155pt.
<out/15q15.jpeg, id=102, 770.88pt x 513.92pt>
File: out/15q15.jpeg Graphic file (type jpg)
<use out/15q15.jpeg>
Package pdftex.def Info: out/15q15.jpeg  used on input line 572.
(pdftex.def)             Requested size: 193.47578pt x 128.98155pt.
<out/15q30.jpeg, id=103, 770.88pt x 513.92pt>
File: out/15q30.jpeg Graphic file (type jpg)
<use out/15q30.jpeg>
Package pdftex.def Info: out/15q30.jpeg  used on input line 576.
(pdftex.def)             Requested size: 193.47578pt x 128.98155pt.
<out/15q50.jpeg, id=104, 770.88pt x 513.92pt>
File: out/15q50.jpeg Graphic file (type jpg)
<use out/15q50.jpeg>
Package pdftex.def Info: out/15q50.jpeg  used on input line 580.
(pdftex.def)             Requested size: 193.47578pt x 128.98155pt.
<out/15q65.jpeg, id=105, 770.88pt x 513.92pt>
File: out/15q65.jpeg Graphic file (type jpg)
<use out/15q65.jpeg>
Package pdftex.def Info: out/15q65.jpeg  used on input line 584.
(pdftex.def)             Requested size: 193.47578pt x 128.98155pt.
<out/15q80.jpeg, id=106, 770.88pt x 513.92pt>
File: out/15q80.jpeg Graphic file (type jpg)
<use out/15q80.jpeg>
Package pdftex.def Info: out/15q80.jpeg  used on input line 588.
(pdftex.def)             Requested size: 193.47578pt x 128.98155pt.
<out/15q100.jpeg, id=107, 770.88pt x 513.92pt>
File: out/15q100.jpeg Graphic file (type jpg)
<use out/15q100.jpeg>
Package pdftex.def Info: out/15q100.jpeg  used on input line 592.
(pdftex.def)             Requested size: 193.47578pt x 128.98155pt.

Overfull \vbox (59.30138pt too high) has occurred while \output is active []


[16 <./dataset/kodim15.png> <./out/15q5.jpeg> <./out/15q15.jpeg> <./out/15q30.j
peg> <./out/15q50.jpeg> <./out/15q65.jpeg> <./out/15q80.jpeg> <./out/15q100.jpe
g>]
<dataset/kodim19.png, id=111, 513.92pt x 770.88pt>
File: dataset/kodim19.png Graphic file (type png)
<use dataset/kodim19.png>
Package pdftex.def Info: dataset/kodim19.png  used on input line 604.
(pdftex.def)             Requested size: 120.92421pt x 181.38031pt.
<out/19q5.jpeg, id=112, 513.92pt x 770.88pt>
File: out/19q5.jpeg Graphic file (type jpg)
<use out/19q5.jpeg>
Package pdftex.def Info: out/19q5.jpeg  used on input line 608.
(pdftex.def)             Requested size: 120.92421pt x 181.38031pt.
<out/19q15.jpeg, id=113, 513.92pt x 770.88pt>
File: out/19q15.jpeg Graphic file (type jpg)
<use out/19q15.jpeg>
Package pdftex.def Info: out/19q15.jpeg  used on input line 612.
(pdftex.def)             Requested size: 120.92421pt x 181.38031pt.
<out/19q30.jpeg, id=114, 513.92pt x 770.88pt>
File: out/19q30.jpeg Graphic file (type jpg)
<use out/19q30.jpeg>
Package pdftex.def Info: out/19q30.jpeg  used on input line 616.
(pdftex.def)             Requested size: 120.92421pt x 181.38031pt.
<out/19q50.jpeg, id=115, 513.92pt x 770.88pt>
File: out/19q50.jpeg Graphic file (type jpg)
<use out/19q50.jpeg>
Package pdftex.def Info: out/19q50.jpeg  used on input line 620.
(pdftex.def)             Requested size: 120.92421pt x 181.38031pt.
<out/19q65.jpeg, id=116, 513.92pt x 770.88pt>
File: out/19q65.jpeg Graphic file (type jpg)
<use out/19q65.jpeg>
Package pdftex.def Info: out/19q65.jpeg  used on input line 624.
(pdftex.def)             Requested size: 120.92421pt x 181.38031pt.
<out/19q80.jpeg, id=117, 513.92pt x 770.88pt>
File: out/19q80.jpeg Graphic file (type jpg)
<use out/19q80.jpeg>
Package pdftex.def Info: out/19q80.jpeg  used on input line 628.
(pdftex.def)             Requested size: 120.92421pt x 181.38031pt.
<out/19q100.jpeg, id=118, 513.92pt x 770.88pt>
File: out/19q100.jpeg Graphic file (type jpg)
<use out/19q100.jpeg>
Package pdftex.def Info: out/19q100.jpeg  used on input line 632.
(pdftex.def)             Requested size: 120.92421pt x 181.38031pt.

Overfull \vbox (57.0161pt too high) has occurred while \output is active []


[17 <./dataset/kodim19.png> <./out/19q5.jpeg> <./out/19q15.jpeg> <./out/19q30.j
peg> <./out/19q50.jpeg> <./out/19q65.jpeg> <./out/19q80.jpeg> <./out/19q100.jpe
g>] [18]
("C:\Users\Giovanni\Documents\UNIPD\UNI\Multimedia Coding\Final project\build\g
iovanni_gallinaro_multimedia_coding.aux")

LaTeX Warning: There were multiply-defined labels.

 ) 
Here is how much of TeX's memory you used:
 5723 strings out of 492970
 89201 string characters out of 3125261
 179123 words of memory out of 3000000
 9407 multiletter control sequences out of 15000+200000
 11018 words of font info for 43 fonts, out of 3000000 for 9000
 1141 hyphenation exceptions out of 8191
 41i,14n,37p,843b,358s stack positions out of 5000i,500n,10000p,200000b,50000s
<C:/Users/Giovanni/AppData/Local/Programs/MiKTeX 2.9/fonts/type1/public/amsfo
nts/cm/cmbx12.pfb><C:/Users/Giovanni/AppData/Local/Programs/MiKTeX 2.9/fonts/ty
pe1/public/amsfonts/cm/cmex10.pfb><C:/Users/Giovanni/AppData/Local/Programs/MiK
TeX 2.9/fonts/type1/public/amsfonts/cm/cmmi10.pfb><C:/Users/Giovanni/AppData/Lo
cal/Programs/MiKTeX 2.9/fonts/type1/public/amsfonts/cm/cmmi12.pfb><C:/Users/Gio
vanni/AppData/Local/Programs/MiKTeX 2.9/fonts/type1/public/amsfonts/cm/cmr10.pf
b><C:/Users/Giovanni/AppData/Local/Programs/MiKTeX 2.9/fonts/type1/public/amsfo
nts/cm/cmr12.pfb><C:/Users/Giovanni/AppData/Local/Programs/MiKTeX 2.9/fonts/typ
e1/public/amsfonts/cm/cmr17.pfb><C:/Users/Giovanni/AppData/Local/Programs/MiKTe
X 2.9/fonts/type1/public/amsfonts/cm/cmsy10.pfb><C:/Users/Giovanni/AppData/Loca
l/Programs/MiKTeX 2.9/fonts/type1/public/amsfonts/cm/cmtt12.pfb>
Output written on "C:\Users\Giovanni\Documents\UNIPD\UNI\Multimedia Coding\Fina
l project\build\giovanni_gallinaro_multimedia_coding.pdf" (18 pages, 7236565 by
tes).
PDF statistics:
 154 PDF objects out of 1000 (max. 8388607)
 0 named destinations out of 1000 (max. 500000)
 266 words of extra memory for PDF output out of 10000 (max. 10000000)

